0 info it worked if it ends with ok
1 verbose cli [ 'node', '/usr/local/bin/npm', 'install', 'bodyparser' ]
2 info using npm@2.5.1
3 info using node@v0.12.0
4 warn package.json proj3@1.0.0 No repository field.
5 warn package.json proj3@1.0.0 No README data
6 silly cache add args [ 'bodyparser', null ]
7 verbose cache add spec bodyparser
8 silly cache add parsed spec { raw: 'bodyparser',
8 silly cache add   scope: null,
8 silly cache add   name: 'bodyparser',
8 silly cache add   rawSpec: '',
8 silly cache add   spec: '*',
8 silly cache add   type: 'range' }
9 verbose addNamed bodyparser@*
10 silly addNamed semver.valid null
11 silly addNamed semver.validRange *
12 silly addNameRange { name: 'bodyparser', range: '*', hasData: false }
13 silly mapToRegistry name bodyparser
14 silly mapToRegistry using default registry
15 silly mapToRegistry registry https://registry.npmjs.org/
16 silly mapToRegistry uri https://registry.npmjs.org/bodyparser
17 verbose addNameRange registry:https://registry.npmjs.org/bodyparser not in flight; fetching
18 verbose request uri https://registry.npmjs.org/bodyparser
19 verbose request no auth needed
20 info attempt registry request try #1 at 8:30:33 PM
21 verbose request id 511742b2d9f7d2e6
22 http request GET https://registry.npmjs.org/bodyparser
23 http 404 https://registry.npmjs.org/bodyparser
24 verbose headers { date: 'Fri, 13 Mar 2015 03:30:33 GMT',
24 verbose headers   server: 'CouchDB/1.5.0 (Erlang OTP/R16B03)',
24 verbose headers   'content-type': 'application/json',
24 verbose headers   'cache-control': 'max-age=0',
24 verbose headers   'content-length': '52',
24 verbose headers   'accept-ranges': 'bytes',
24 verbose headers   via: '1.1 varnish',
24 verbose headers   age: '0',
24 verbose headers   'x-served-by': 'cache-sjc3124-SJC',
24 verbose headers   'x-cache': 'MISS',
24 verbose headers   'x-cache-hits': '0',
24 verbose headers   'x-timer': 'S1426217433.530324,VS0,VE147',
24 verbose headers   'keep-alive': 'timeout=10, max=50',
24 verbose headers   connection: 'Keep-Alive' }
25 silly get cb [ 404,
25 silly get   { date: 'Fri, 13 Mar 2015 03:30:33 GMT',
25 silly get     server: 'CouchDB/1.5.0 (Erlang OTP/R16B03)',
25 silly get     'content-type': 'application/json',
25 silly get     'cache-control': 'max-age=0',
25 silly get     'content-length': '52',
25 silly get     'accept-ranges': 'bytes',
25 silly get     via: '1.1 varnish',
25 silly get     age: '0',
25 silly get     'x-served-by': 'cache-sjc3124-SJC',
25 silly get     'x-cache': 'MISS',
25 silly get     'x-cache-hits': '0',
25 silly get     'x-timer': 'S1426217433.530324,VS0,VE147',
25 silly get     'keep-alive': 'timeout=10, max=50',
25 silly get     connection: 'Keep-Alive' } ]
26 verbose stack Error: 404 Not Found: bodyparser
26 verbose stack     at CachingRegistryClient.<anonymous> (/usr/local/lib/node_modules/npm/node_modules/npm-registry-client/lib/request.js:251:14)
26 verbose stack     at Request._callback (/usr/local/lib/node_modules/npm/node_modules/npm-registry-client/lib/request.js:178:14)
26 verbose stack     at Request.self.callback (/usr/local/lib/node_modules/npm/node_modules/request/request.js:344:22)
26 verbose stack     at Request.emit (events.js:110:17)
26 verbose stack     at Request.<anonymous> (/usr/local/lib/node_modules/npm/node_modules/request/request.js:1239:14)
26 verbose stack     at Request.emit (events.js:129:20)
26 verbose stack     at IncomingMessage.<anonymous> (/usr/local/lib/node_modules/npm/node_modules/request/request.js:1187:12)
26 verbose stack     at IncomingMessage.emit (events.js:129:20)
26 verbose stack     at _stream_readable.js:908:16
26 verbose stack     at process._tickCallback (node.js:355:11)
27 verbose statusCode 404
28 verbose pkgid bodyparser
29 verbose cwd /Users/Troysultan/Development/Traction
30 error Darwin 14.1.0
31 error argv "node" "/usr/local/bin/npm" "install" "bodyparser"
32 error node v0.12.0
33 error npm  v2.5.1
34 error code E404
35 error 404 Not Found: bodyparser
35 error 404
35 error 404 'bodyparser' is not in the npm registry.
35 error 404 You should bug the author to publish it (or use the name yourself!)
35 error 404 It was specified as a dependency of 'proj3'
35 error 404
35 error 404 Note that you can also install from a
35 error 404 tarball, folder, http url, or git url.
36 verbose exit [ 1, true ]
